<?xml version="1.0" encoding="UTF-8"?>
<testng-results ignored="1" total="2" passed="1" failed="0" skipped="0">
  <reporter-output>
  </reporter-output>
  <suite started-at="2021-08-02T21:20:16 EDT" name="Default suite" finished-at="2021-08-02T21:20:30 EDT" duration-ms="14079">
    <groups>
    </groups>
    <test started-at="2021-08-02T21:20:16 EDT" name="Default test" finished-at="2021-08-02T21:20:30 EDT" duration-ms="14079">
      <class name="Pack1_Maven.LoginTest">
        <test-method is-config="true" signature="setup()[pri:0, instance:Pack1_Maven.LoginTest@593aaf41]" started-at="2021-08-02T21:20:16 EDT" name="setup" finished-at="2021-08-02T21:20:22 EDT" duration-ms="6058" status="PASS">
          <reporter-output>
          </reporter-output>
        </test-method> <!-- setup -->
        <test-method signature="synchTest()[pri:0, instance:Pack1_Maven.LoginTest@593aaf41]" started-at="2021-08-02T21:20:22 EDT" name="synchTest" finished-at="2021-08-02T21:20:30 EDT" duration-ms="7938" status="PASS">
          <reporter-output>
          </reporter-output>
        </test-method> <!-- synchTest -->
        <test-method is-config="true" signature="tearDown()[pri:0, instance:Pack1_Maven.LoginTest@593aaf41]" started-at="2021-08-02T21:20:30 EDT" name="tearDown" finished-at="2021-08-02T21:20:30 EDT" duration-ms="1" status="PASS">
          <reporter-output>
          </reporter-output>
        </test-method> <!-- tearDown -->
      </class> <!-- Pack1_Maven.LoginTest -->
    </test> <!-- Default test -->
  </suite> <!-- Default suite -->
</testng-results>
